  2021CG_Lab4_110522060.cpp
C:\Users\wmlab\source\repos\2021CG_Lab4_110522060\2021CG_Lab4_110522060.cpp(51,37): warning C4305: '正在初始化': 從 'double' 轉換為 'float'，是由較大的類型轉換為較小的類型，可能導致資料遺失
C:\Users\wmlab\source\repos\2021CG_Lab4_110522060\2021CG_Lab4_110522060.cpp(104,10): warning C4244: '正在初始化': 將 'double' 轉換為 'float'，由於類型不同，可能導致資料遺失
C:\Users\wmlab\source\repos\2021CG_Lab4_110522060\2021CG_Lab4_110522060.cpp(105,10): warning C4244: '正在初始化': 將 'float' 轉換為 'int'，由於類型不同，可能導致資料遺失
C:\Users\wmlab\source\repos\2021CG_Lab4_110522060\2021CG_Lab4_110522060.cpp(167,28): warning C4244: '+=': 將 'double' 轉換為 'float'，由於類型不同，可能導致資料遺失
C:\Users\wmlab\source\repos\2021CG_Lab4_110522060\2021CG_Lab4_110522060.cpp(281,17): warning C4244: '=': 將 'float' 轉換為 'int'，由於類型不同，可能導致資料遺失
C:\Users\wmlab\source\repos\2021CG_Lab4_110522060\2021CG_Lab4_110522060.cpp(282,9): warning C4244: '正在初始化': 將 'float' 轉換為 'int'，由於類型不同，可能導致資料遺失
C:\Users\wmlab\source\repos\2021CG_Lab4_110522060\2021CG_Lab4_110522060.cpp(312,10): warning C4244: '正在初始化': 將 'float' 轉換為 'int'，由於類型不同，可能導致資料遺失
C:\Users\wmlab\source\repos\2021CG_Lab4_110522060\2021CG_Lab4_110522060.cpp(392,16): warning C4018: '<': signed/unsigned 不相符
C:\Users\wmlab\source\repos\2021CG_Lab4_110522060\2021CG_Lab4_110522060.cpp(393,17): warning C4018: '<': signed/unsigned 不相符
C:\Users\wmlab\source\repos\2021CG_Lab4_110522060\2021CG_Lab4_110522060.cpp(402,19): warning C4018: '<': signed/unsigned 不相符
C:\Users\wmlab\source\repos\2021CG_Lab4_110522060\2021CG_Lab4_110522060.cpp(574,10): warning C4244: '正在初始化': 將 'int' 轉換為 'float'，由於類型不同，可能導致資料遺失
C:\Users\wmlab\source\repos\2021CG_Lab4_110522060\2021CG_Lab4_110522060.cpp(574,18): warning C4244: '正在初始化': 將 'int' 轉換為 'float'，由於類型不同，可能導致資料遺失
C:\Users\wmlab\source\repos\2021CG_Lab4_110522060\2021CG_Lab4_110522060.cpp(574,26): warning C4244: '正在初始化': 將 'int' 轉換為 'float'，由於類型不同，可能導致資料遺失
C:\Users\wmlab\source\repos\2021CG_Lab4_110522060\2021CG_Lab4_110522060.cpp(574,34): warning C4244: '正在初始化': 將 'int' 轉換為 'float'，由於類型不同，可能導致資料遺失
C:\Users\wmlab\source\repos\2021CG_Lab4_110522060\2021CG_Lab4_110522060.cpp(689,16): warning C4018: '<': signed/unsigned 不相符
C:\Users\wmlab\source\repos\2021CG_Lab4_110522060\2021CG_Lab4_110522060.cpp(767,28): warning C4244: '引數': 將 'float' 轉換為 'int'，由於類型不同，可能導致資料遺失
C:\Users\wmlab\source\repos\2021CG_Lab4_110522060\2021CG_Lab4_110522060.cpp(767,21): warning C4244: '引數': 將 'float' 轉換為 'int'，由於類型不同，可能導致資料遺失
C:\Users\wmlab\source\repos\2021CG_Lab4_110522060\2021CG_Lab4_110522060.cpp(811,19): warning C4244: '=': 將 'double' 轉換為 'float'，由於類型不同，可能導致資料遺失
C:\Users\wmlab\source\repos\2021CG_Lab4_110522060\2021CG_Lab4_110522060.cpp(813,19): warning C4244: '=': 將 'double' 轉換為 'float'，由於類型不同，可能導致資料遺失
C:\Users\wmlab\source\repos\2021CG_Lab4_110522060\2021CG_Lab4_110522060.cpp(819,19): warning C4244: '=': 將 'double' 轉換為 'float'，由於類型不同，可能導致資料遺失
C:\Users\wmlab\source\repos\2021CG_Lab4_110522060\2021CG_Lab4_110522060.cpp(821,19): warning C4244: '=': 將 'double' 轉換為 'float'，由於類型不同，可能導致資料遺失
C:\Users\wmlab\source\repos\2021CG_Lab4_110522060\2021CG_Lab4_110522060.cpp(827,19): warning C4244: '=': 將 'double' 轉換為 'float'，由於類型不同，可能導致資料遺失
C:\Users\wmlab\source\repos\2021CG_Lab4_110522060\2021CG_Lab4_110522060.cpp(829,19): warning C4244: '=': 將 'double' 轉換為 'float'，由於類型不同，可能導致資料遺失
C:\Users\wmlab\source\repos\2021CG_Lab4_110522060\2021CG_Lab4_110522060.cpp(1136,19): warning C4018: '<': signed/unsigned 不相符
C:\Users\wmlab\source\repos\2021CG_Lab4_110522060\2021CG_Lab4_110522060.cpp(1191,19): warning C4018: '<=': signed/unsigned 不相符
C:\Users\wmlab\source\repos\2021CG_Lab4_110522060\2021CG_Lab4_110522060.cpp(1192,20): warning C4018: '<=': signed/unsigned 不相符
C:\Users\wmlab\source\repos\2021CG_Lab4_110522060\2021CG_Lab4_110522060.cpp(1216,19): warning C4018: '<=': signed/unsigned 不相符
C:\Users\wmlab\source\repos\2021CG_Lab4_110522060\2021CG_Lab4_110522060.cpp(1217,20): warning C4018: '<=': signed/unsigned 不相符
C:\Users\wmlab\source\repos\2021CG_Lab4_110522060\2021CG_Lab4_110522060.cpp(1220,17): warning C4244: '引數': 將 'unsigned int' 轉換為 'float'，由於類型不同，可能導致資料遺失
C:\Users\wmlab\source\repos\2021CG_Lab4_110522060\2021CG_Lab4_110522060.cpp(1221,21): warning C4244: '引數': 將 'unsigned int' 轉換為 'float'，由於類型不同，可能導致資料遺失
C:\Users\wmlab\source\repos\2021CG_Lab4_110522060\2021CG_Lab4_110522060.cpp(1277,18): warning C4018: '<': signed/unsigned 不相符
C:\Users\wmlab\source\repos\2021CG_Lab4_110522060\2021CG_Lab4_110522060.cpp(1310,20): warning C4018: '<': signed/unsigned 不相符
  2021CG_Lab4_110522060.vcxproj -> C:\Users\wmlab\source\repos\2021CG_Lab4_110522060\Debug\2021CG_Lab4_110522060.exe
